生成启动时间为 2017/12/23 11:28:39。
项目“C:\Users\洪方舟\Desktop\Experiment2\Experiment2\Experiment2.vcxproj”在节点 2 上(Build 个目标)。
ClCompile:
  C:\Program Files (x86)\Microsoft Visual Studio 11.0\VC\bin\CL.exe /c /ZI /nologo /W3 /WX- /Od /Oy- /D WIN32 /D _DEBUG /D _CONSOLE /D _UNICODE /D UNICODE /Gm /EHsc /RTC1 /MDd /GS /fp:precise /Zc:wchar_t /Zc:forScope /Fo"Debug\\" /Fd"Debug\vc110.pdb" /Gd /TP /analyze- /errorReport:prompt main.cpp
  main.cpp
c:\users\洪方舟\desktop\experiment2\experiment2\main.cpp(76): warning C4018: “<”: 有符号/无符号不匹配
c:\users\洪方舟\desktop\experiment2\experiment2\main.cpp(88): warning C4018: “<”: 有符号/无符号不匹配
Link:
  C:\Program Files (x86)\Microsoft Visual Studio 11.0\VC\bin\link.exe /ERRORREPORT:PROMPT /OUT:"C:\Users\洪方舟\Desktop\Experiment2\Debug\Experiment2.exe" /INCREMENTAL /NOLOGO kernel32.lib user32.lib gdi32.lib winspool.lib comdlg32.lib advapi32.lib shell32.lib ole32.lib oleaut32.lib uuid.lib odbc32.lib odbccp32.lib /MANIFEST /MANIFESTUAC:"level='asInvoker' uiAccess='false'" /manifest:embed /DEBUG /PDB:"C:\Users\洪方舟\Desktop\Experiment2\Debug\Experiment2.pdb" /SUBSYSTEM:CONSOLE /TLBID:1 /DYNAMICBASE /NXCOMPAT /IMPLIB:"C:\Users\洪方舟\Desktop\Experiment2\Debug\Experiment2.lib" /MACHINE:X86 Debug\CharString.obj
  Debug\doclink.obj
  Debug\extractKeyWords.obj
  Debug\htmlFetcher.obj
  Debug\inverteddocs.obj
  Debug\main.obj
  Debug\pageinfo.obj
  Debug\pagelink.obj
  Debug\UnicodeToGBK.obj
  Debug\wordSegmentation.obj
  Experiment2.vcxproj -> C:\Users\洪方舟\Desktop\Experiment2\Debug\Experiment2.exe
已完成生成项目“C:\Users\洪方舟\Desktop\Experiment2\Experiment2\Experiment2.vcxproj”(Build 个目标)的操作。

生成成功。

已用时间 00:00:23.64
